<?xml version="1.0" encoding="UTF-8"?>
<testng-results ignored="0" total="6" passed="6" failed="0" skipped="0">
  <reporter-output>
  </reporter-output>
  <suite started-at="2024-12-22T19:38:32 IST" name="Master" finished-at="2024-12-22T19:39:32 IST" duration-ms="59374">
    <groups>
      <group name="sanity">
        <method signature="TC_001_AccountRegistrationTest.verify_user_registartion()[pri:0, instance:testCases.TC_001_AccountRegistrationTest@4b3ed2f0]" name="verify_user_registartion" class="testCases.TC_001_AccountRegistrationTest"/>
      </group> <!-- sanity -->
      <group name="master">
        <method signature="TC_001_AccountRegistrationTest.verify_user_registartion()[pri:0, instance:testCases.TC_001_AccountRegistrationTest@4b3ed2f0]" name="verify_user_registartion" class="testCases.TC_001_AccountRegistrationTest"/>
      </group> <!-- master -->
    </groups>
    <test started-at="2024-12-22T19:38:32 IST" name="Chrome Test" finished-at="2024-12-22T19:39:32 IST" duration-ms="59374">
      <class name="testCases.TC_001_AccountRegistrationTest">
        <test-method is-config="true" signature="setup(java.lang.String,java.lang.String)[pri:0, instance:testCases.TC_001_AccountRegistrationTest@4b3ed2f0]" started-at="2024-12-22T19:38:32 IST" name="setup" finished-at="2024-12-22T19:38:35 IST" duration-ms="3176" status="PASS">
          <params>
            <param index="0">
              <value>
                <![CDATA[windows]]>
              </value>
            </param>
            <param index="1">
              <value>
                <![CDATA[chrome]]>
              </value>
            </param>
          </params>
          <reporter-output>
          </reporter-output>
        </test-method> <!-- setup -->
        <test-method signature="verify_user_registartion()[pri:0, instance:testCases.TC_001_AccountRegistrationTest@4b3ed2f0]" started-at="2024-12-22T19:38:35 IST" name="verify_user_registartion" finished-at="2024-12-22T19:38:39 IST" duration-ms="3589" status="PASS">
          <reporter-output>
          </reporter-output>
        </test-method> <!-- verify_user_registartion -->
        <test-method is-config="true" signature="tearDown()[pri:0, instance:testCases.TC_001_AccountRegistrationTest@4b3ed2f0]" started-at="2024-12-22T19:38:39 IST" name="tearDown" finished-at="2024-12-22T19:38:39 IST" duration-ms="315" status="PASS">
          <reporter-output>
          </reporter-output>
        </test-method> <!-- tearDown -->
      </class> <!-- testCases.TC_001_AccountRegistrationTest -->
      <class name="testCases.TC_002_LoginTest">
        <test-method is-config="true" signature="setup(java.lang.String,java.lang.String)[pri:0, instance:testCases.TC_002_LoginTest@22d7b4f8]" started-at="2024-12-22T19:38:39 IST" name="setup" finished-at="2024-12-22T19:38:42 IST" duration-ms="2351" status="PASS">
          <params>
            <param index="0">
              <value>
                <![CDATA[windows]]>
              </value>
            </param>
            <param index="1">
              <value>
                <![CDATA[chrome]]>
              </value>
            </param>
          </params>
          <reporter-output>
          </reporter-output>
        </test-method> <!-- setup -->
        <test-method signature="verify_login()[pri:0, instance:testCases.TC_002_LoginTest@22d7b4f8]" started-at="2024-12-22T19:38:42 IST" name="verify_login" finished-at="2024-12-22T19:38:44 IST" duration-ms="2174" status="PASS">
          <reporter-output>
          </reporter-output>
        </test-method> <!-- verify_login -->
        <test-method is-config="true" signature="tearDown()[pri:0, instance:testCases.TC_002_LoginTest@22d7b4f8]" started-at="2024-12-22T19:38:44 IST" name="tearDown" finished-at="2024-12-22T19:38:44 IST" duration-ms="321" status="PASS">
          <reporter-output>
          </reporter-output>
        </test-method> <!-- tearDown -->
      </class> <!-- testCases.TC_002_LoginTest -->
      <class name="testCases.TC_003_LoginDDT">
        <test-method is-config="true" signature="setup(java.lang.String,java.lang.String)[pri:0, instance:testCases.TC_003_LoginDDT@149dd36b]" started-at="2024-12-22T19:38:44 IST" name="setup" finished-at="2024-12-22T19:38:46 IST" duration-ms="2348" status="PASS">
          <params>
            <param index="0">
              <value>
                <![CDATA[windows]]>
              </value>
            </param>
            <param index="1">
              <value>
                <![CDATA[chrome]]>
              </value>
            </param>
          </params>
          <reporter-output>
          </reporter-output>
        </test-method> <!-- setup -->
        <test-method signature="verify_loginDDT(java.lang.String,java.lang.String,java.lang.String,java.lang.String)[pri:0, instance:testCases.TC_003_LoginDDT@149dd36b]" started-at="2024-12-22T19:38:48 IST" name="verify_loginDDT" data-provider="LoginData" finished-at="2024-12-22T19:39:01 IST" duration-ms="13080" status="PASS">
          <params>
            <param index="0">
              <value>
                <![CDATA[testuser@gmail.com]]>
              </value>
            </param>
            <param index="1">
              <value>
                <![CDATA[Test1]]>
              </value>
            </param>
            <param index="2">
              <value>
                <![CDATA[Invalid]]>
              </value>
            </param>
            <param index="3">
              <value>
                <![CDATA[Fail]]>
              </value>
            </param>
          </params>
          <reporter-output>
          </reporter-output>
        </test-method> <!-- verify_loginDDT -->
        <test-method signature="verify_loginDDT(java.lang.String,java.lang.String,java.lang.String,java.lang.String)[pri:0, instance:testCases.TC_003_LoginDDT@149dd36b]" started-at="2024-12-22T19:39:01 IST" name="verify_loginDDT" data-provider="LoginData" finished-at="2024-12-22T19:39:14 IST" duration-ms="12997" status="PASS">
          <params>
            <param index="0">
              <value>
                <![CDATA[username@gmial.com]]>
              </value>
            </param>
            <param index="1">
              <value>
                <![CDATA[cnwoenc]]>
              </value>
            </param>
            <param index="2">
              <value>
                <![CDATA[Invalid]]>
              </value>
            </param>
            <param index="3">
              <value>
                <![CDATA[Fail]]>
              </value>
            </param>
          </params>
          <reporter-output>
          </reporter-output>
        </test-method> <!-- verify_loginDDT -->
        <test-method signature="verify_loginDDT(java.lang.String,java.lang.String,java.lang.String,java.lang.String)[pri:0, instance:testCases.TC_003_LoginDDT@149dd36b]" started-at="2024-12-22T19:39:14 IST" name="verify_loginDDT" data-provider="LoginData" finished-at="2024-12-22T19:39:18 IST" duration-ms="3731" status="PASS">
          <params>
            <param index="0">
              <value>
                <![CDATA[karthickslearnings@gmail.com]]>
              </value>
            </param>
            <param index="1">
              <value>
                <![CDATA[k@rth1cksle@rn1ngs]]>
              </value>
            </param>
            <param index="2">
              <value>
                <![CDATA[valid]]>
              </value>
            </param>
            <param index="3">
              <value>
                <![CDATA[Pass]]>
              </value>
            </param>
          </params>
          <reporter-output>
          </reporter-output>
        </test-method> <!-- verify_loginDDT -->
        <test-method signature="verify_loginDDT(java.lang.String,java.lang.String,java.lang.String,java.lang.String)[pri:0, instance:testCases.TC_003_LoginDDT@149dd36b]" started-at="2024-12-22T19:39:18 IST" name="verify_loginDDT" data-provider="LoginData" finished-at="2024-12-22T19:39:31 IST" duration-ms="13387" status="PASS">
          <params>
            <param index="0">
              <value>
                <![CDATA[whatname@gmail.com]]>
              </value>
            </param>
            <param index="1">
              <value>
                <![CDATA[wuefbuowe]]>
              </value>
            </param>
            <param index="2">
              <value>
                <![CDATA[Invalid]]>
              </value>
            </param>
            <param index="3">
              <value>
                <![CDATA[Fail]]>
              </value>
            </param>
          </params>
          <reporter-output>
          </reporter-output>
        </test-method> <!-- verify_loginDDT -->
        <test-method is-config="true" signature="tearDown()[pri:0, instance:testCases.TC_003_LoginDDT@149dd36b]" started-at="2024-12-22T19:39:31 IST" name="tearDown" finished-at="2024-12-22T19:39:32 IST" duration-ms="341" status="PASS">
          <reporter-output>
          </reporter-output>
        </test-method> <!-- tearDown -->
      </class> <!-- testCases.TC_003_LoginDDT -->
    </test> <!-- Chrome Test -->
  </suite> <!-- Master -->
</testng-results>
