<?xml version="1.0" encoding="UTF-8"?>
<testng-results ignored="0" total="4" passed="4" failed="0" skipped="0">
  <reporter-output>
  </reporter-output>
  <suite started-at="2024-12-22T14:23:14 IST" name="ParallelTesting" finished-at="2024-12-22T14:23:38 IST" duration-ms="24134">
    <groups>
      <group name="sanity">
        <method signature="TC_001_AccountRegistrationTest.verify_user_registartion()[pri:0, instance:testCases.TC_001_AccountRegistrationTest@74bada02]" name="verify_user_registartion" class="testCases.TC_001_AccountRegistrationTest"/>
        <method signature="TC_001_AccountRegistrationTest.verify_user_registartion()[pri:0, instance:testCases.TC_001_AccountRegistrationTest@64b73e7a]" name="verify_user_registartion" class="testCases.TC_001_AccountRegistrationTest"/>
      </group> <!-- sanity -->
      <group name="master">
        <method signature="TC_001_AccountRegistrationTest.verify_user_registartion()[pri:0, instance:testCases.TC_001_AccountRegistrationTest@74bada02]" name="verify_user_registartion" class="testCases.TC_001_AccountRegistrationTest"/>
        <method signature="TC_001_AccountRegistrationTest.verify_user_registartion()[pri:0, instance:testCases.TC_001_AccountRegistrationTest@64b73e7a]" name="verify_user_registartion" class="testCases.TC_001_AccountRegistrationTest"/>
      </group> <!-- master -->
    </groups>
    <test started-at="2024-12-22T14:23:14 IST" name="Chrome Test" finished-at="2024-12-22T14:23:27 IST" duration-ms="13191">
      <class name="testCases.TC_001_AccountRegistrationTest">
        <test-method is-config="true" signature="setup(java.lang.String,java.lang.String)[pri:0, instance:testCases.TC_001_AccountRegistrationTest@74bada02]" started-at="2024-12-22T14:23:14 IST" name="setup" finished-at="2024-12-22T14:23:18 IST" duration-ms="3338" status="PASS">
          <params>
            <param index="0">
              <value>
                <![CDATA[windows]]>
              </value>
            </param>
            <param index="1">
              <value>
                <![CDATA[chrome]]>
              </value>
            </param>
          </params>
          <reporter-output>
          </reporter-output>
        </test-method> <!-- setup -->
        <test-method signature="verify_user_registartion()[pri:0, instance:testCases.TC_001_AccountRegistrationTest@74bada02]" started-at="2024-12-22T14:23:18 IST" name="verify_user_registartion" finished-at="2024-12-22T14:23:22 IST" duration-ms="3854" status="PASS">
          <reporter-output>
          </reporter-output>
        </test-method> <!-- verify_user_registartion -->
        <test-method is-config="true" signature="tearDown()[pri:0, instance:testCases.TC_001_AccountRegistrationTest@74bada02]" started-at="2024-12-22T14:23:22 IST" name="tearDown" finished-at="2024-12-22T14:23:22 IST" duration-ms="296" status="PASS">
          <reporter-output>
          </reporter-output>
        </test-method> <!-- tearDown -->
      </class> <!-- testCases.TC_001_AccountRegistrationTest -->
      <class name="testCases.TC_002_LoginTest">
        <test-method is-config="true" signature="setup(java.lang.String,java.lang.String)[pri:0, instance:testCases.TC_002_LoginTest@53dbe163]" started-at="2024-12-22T14:23:22 IST" name="setup" finished-at="2024-12-22T14:23:25 IST" duration-ms="2773" status="PASS">
          <params>
            <param index="0">
              <value>
                <![CDATA[windows]]>
              </value>
            </param>
            <param index="1">
              <value>
                <![CDATA[chrome]]>
              </value>
            </param>
          </params>
          <reporter-output>
          </reporter-output>
        </test-method> <!-- setup -->
        <test-method signature="verify_login()[pri:0, instance:testCases.TC_002_LoginTest@53dbe163]" started-at="2024-12-22T14:23:25 IST" name="verify_login" finished-at="2024-12-22T14:23:27 IST" duration-ms="2525" status="PASS">
          <reporter-output>
          </reporter-output>
        </test-method> <!-- verify_login -->
        <test-method is-config="true" signature="tearDown()[pri:0, instance:testCases.TC_002_LoginTest@53dbe163]" started-at="2024-12-22T14:23:27 IST" name="tearDown" finished-at="2024-12-22T14:23:27 IST" duration-ms="333" status="PASS">
          <reporter-output>
          </reporter-output>
        </test-method> <!-- tearDown -->
      </class> <!-- testCases.TC_002_LoginTest -->
    </test> <!-- Chrome Test -->
    <test started-at="2024-12-22T14:23:14 IST" name="Firefox Test" finished-at="2024-12-22T14:23:38 IST" duration-ms="24134">
      <class name="testCases.TC_001_AccountRegistrationTest">
        <test-method is-config="true" signature="setup(java.lang.String,java.lang.String)[pri:0, instance:testCases.TC_001_AccountRegistrationTest@64b73e7a]" started-at="2024-12-22T14:23:14 IST" name="setup" finished-at="2024-12-22T14:23:24 IST" duration-ms="9711" status="PASS">
          <params>
            <param index="0">
              <value>
                <![CDATA[windows]]>
              </value>
            </param>
            <param index="1">
              <value>
                <![CDATA[firefox]]>
              </value>
            </param>
          </params>
          <reporter-output>
          </reporter-output>
        </test-method> <!-- setup -->
        <test-method signature="verify_user_registartion()[pri:0, instance:testCases.TC_001_AccountRegistrationTest@64b73e7a]" started-at="2024-12-22T14:23:24 IST" name="verify_user_registartion" finished-at="2024-12-22T14:23:27 IST" duration-ms="3104" status="PASS">
          <reporter-output>
          </reporter-output>
        </test-method> <!-- verify_user_registartion -->
        <test-method is-config="true" signature="tearDown()[pri:0, instance:testCases.TC_001_AccountRegistrationTest@64b73e7a]" started-at="2024-12-22T14:23:27 IST" name="tearDown" finished-at="2024-12-22T14:23:29 IST" duration-ms="1729" status="PASS">
          <reporter-output>
          </reporter-output>
        </test-method> <!-- tearDown -->
      </class> <!-- testCases.TC_001_AccountRegistrationTest -->
      <class name="testCases.TC_002_LoginTest">
        <test-method is-config="true" signature="setup(java.lang.String,java.lang.String)[pri:0, instance:testCases.TC_002_LoginTest@530712d]" started-at="2024-12-22T14:23:29 IST" name="setup" finished-at="2024-12-22T14:23:36 IST" duration-ms="6694" status="PASS">
          <params>
            <param index="0">
              <value>
                <![CDATA[windows]]>
              </value>
            </param>
            <param index="1">
              <value>
                <![CDATA[firefox]]>
              </value>
            </param>
          </params>
          <reporter-output>
          </reporter-output>
        </test-method> <!-- setup -->
        <test-method signature="verify_login()[pri:0, instance:testCases.TC_002_LoginTest@530712d]" started-at="2024-12-22T14:23:36 IST" name="verify_login" finished-at="2024-12-22T14:23:37 IST" duration-ms="1497" status="PASS">
          <reporter-output>
          </reporter-output>
        </test-method> <!-- verify_login -->
        <test-method is-config="true" signature="tearDown()[pri:0, instance:testCases.TC_002_LoginTest@530712d]" started-at="2024-12-22T14:23:37 IST" name="tearDown" finished-at="2024-12-22T14:23:38 IST" duration-ms="1350" status="PASS">
          <reporter-output>
          </reporter-output>
        </test-method> <!-- tearDown -->
      </class> <!-- testCases.TC_002_LoginTest -->
    </test> <!-- Firefox Test -->
  </suite> <!-- ParallelTesting -->
</testng-results>
