<?xml version="1.0" encoding="UTF-8"?>
<!-- Generated by org.testng.reporters.JUnitXMLReporter -->
<testsuite ignored="0" hostname="Karthick" failures="0" tests="6" name="Chrome Test" time="59.374" errors="0" timestamp="2024-12-22T19:39:32 IST">
  <testcase classname="testCases.TC_001_AccountRegistrationTest" name="verify_user_registartion" time="3.589"/>
  <testcase classname="testCases.TC_002_LoginTest" name="verify_login" time="2.174"/>
  <testcase classname="testCases.TC_003_LoginDDT" name="verify_loginDDT" time="13.08"/>
  <testcase classname="testCases.TC_003_LoginDDT" name="verify_loginDDT" time="12.997"/>
  <testcase classname="testCases.TC_003_LoginDDT" name="verify_loginDDT" time="3.731"/>
  <testcase classname="testCases.TC_003_LoginDDT" name="verify_loginDDT" time="13.387"/>
</testsuite> <!-- Chrome Test -->
