<?xml version="1.0" encoding="UTF-8"?>
<!-- Generated by org.testng.reporters.JUnitXMLReporter -->
<testsuite ignored="0" hostname="Karthick" failures="0" tests="6" name="Chrome Test" time="60.074" errors="0" timestamp="2024-12-22T20:24:12 IST">
  <testcase classname="testCases.TC_001_AccountRegistrationTest" name="verify_user_registartion" time="3.715"/>
  <testcase classname="testCases.TC_002_LoginTest" name="verify_login" time="2.23"/>
  <testcase classname="testCases.TC_003_LoginDDT" name="verify_loginDDT" time="12.917"/>
  <testcase classname="testCases.TC_003_LoginDDT" name="verify_loginDDT" time="12.769"/>
  <testcase classname="testCases.TC_003_LoginDDT" name="verify_loginDDT" time="3.76"/>
  <testcase classname="testCases.TC_003_LoginDDT" name="verify_loginDDT" time="12.929"/>
</testsuite> <!-- Chrome Test -->
