<?xml version="1.0" encoding="UTF-8"?>
<!-- Generated by org.testng.reporters.JUnitXMLReporter -->
<testsuite ignored="1" hostname="Karthick" failures="0" tests="5" name="Chrome Test" time="52.504" errors="0" timestamp="2024-12-22T22:01:06 IST">
  <testcase classname="testCases.TC_001_AccountRegistrationTest" name="verify_user_registartion" time="3.557"/>
  <testcase classname="testCases.TC_003_LoginDDT" name="verify_loginDDT" time="12.989"/>
  <testcase classname="testCases.TC_003_LoginDDT" name="verify_loginDDT" time="12.701"/>
  <testcase classname="testCases.TC_003_LoginDDT" name="verify_loginDDT" time="3.215"/>
  <testcase classname="testCases.TC_003_LoginDDT" name="verify_loginDDT" time="12.591"/>
  <testcase classname="testCases.TC_002_LoginTest" name="verify_login" time="0.0">
    <ignored/>
  </testcase> <!-- verify_login -->
</testsuite> <!-- Chrome Test -->
